# Command 1 of 8
# Checking out develop
git checkout develop --quiet

# Command 2 of 8
# Pulling latest code
git pull --quiet

# Command 3 of 8
# Creating release branch (release/2.0.0)
git checkout -b release/2.0.0

# Command 4 of 8
# Running user command (npm version...)
npm version 2.0.0 --no-git-tag-version

# Command 5 of 8
# Staging changed files
git add .

# Command 6 of 8
# Committing file changes change
git commit -m "[release] 2.0.0 version bump"

# Command 7 of 8
# Pushing release branch to origin
git push -u origin release/2.0.0

# Command 8 of 8
# Checking out develop
git checkout develop --quiet

